<?xml version="1.0" encoding="UTF-8"?>
<!-- Generated by org.testng.reporters.JUnitReportReporter -->
<testsuite skipped="0" hostname="Khanjadas-MBP.nyc.rr.com" name="driverPractice.OpenBrowser2" tests="1" failures="0" timestamp="06 Dec 2020 18:30:12 GMT" time="18.535" errors="0">
  <testcase name="pokeBrowser" time="18.535" classname="driverPractice.OpenBrowser2"/>
</testsuite> <!-- driverPractice.OpenBrowser2 -->
